{"asctime": "2024-02-18T19:04:18", "msecs": 899.0, "levelname": "INFO", "correlation_id": "-", "name": "uvicorn.error", "lineno": 60, "message": "Application startup complete.", "taskName": "Task-1"}
{"asctime": "2024-02-18T19:05:23", "msecs": 160.0, "levelname": "INFO", "correlation_id": "-", "name": "uvicorn.error", "lineno": 265, "message": "Shutting down", "taskName": "Task-1"}
{"asctime": "2024-02-18T19:05:23", "msecs": 273.0, "levelname": "INFO", "correlation_id": "-", "name": "uvicorn.error", "lineno": 65, "message": "Waiting for application shutdown.", "taskName": "Task-1"}
{"asctime": "2024-02-18T19:05:23", "msecs": 292.0, "levelname": "INFO", "correlation_id": "-", "name": "uvicorn.error", "lineno": 76, "message": "Application shutdown complete.", "taskName": "Task-1"}
{"asctime": "2024-02-18T19:05:23", "msecs": 294.0, "levelname": "INFO", "correlation_id": "-", "name": "uvicorn.error", "lineno": 87, "message": "Finished server process [9]", "taskName": "Task-1", "color_message": "Finished server process [\u001b[36m%d\u001b[0m]"}
{"asctime": "2024-02-18T19:05:24", "msecs": 307.0, "levelname": "INFO", "correlation_id": "-", "name": "uvicorn.error", "lineno": 60, "message": "Application startup complete.", "taskName": "Task-1"}
{"asctime": "2024-02-18T19:06:42", "msecs": 349.0, "levelname": "INFO", "correlation_id": "-", "name": "uvicorn.error", "lineno": 265, "message": "Shutting down", "taskName": "Task-1"}
{"asctime": "2024-02-18T19:06:42", "msecs": 462.0, "levelname": "INFO", "correlation_id": "-", "name": "uvicorn.error", "lineno": 65, "message": "Waiting for application shutdown.", "taskName": "Task-1"}
{"asctime": "2024-02-18T19:06:42", "msecs": 480.0, "levelname": "INFO", "correlation_id": "-", "name": "uvicorn.error", "lineno": 76, "message": "Application shutdown complete.", "taskName": "Task-1"}
{"asctime": "2024-02-18T19:06:42", "msecs": 481.0, "levelname": "INFO", "correlation_id": "-", "name": "uvicorn.error", "lineno": 87, "message": "Finished server process [16]", "taskName": "Task-1", "color_message": "Finished server process [\u001b[36m%d\u001b[0m]"}
{"asctime": "2024-02-18T19:06:43", "msecs": 542.0, "levelname": "INFO", "correlation_id": "-", "name": "uvicorn.error", "lineno": 60, "message": "Application startup complete.", "taskName": "Task-1"}
{"asctime": "2024-02-18T19:07:45", "msecs": 824.0, "levelname": "INFO", "correlation_id": "-", "name": "uvicorn.error", "lineno": 265, "message": "Shutting down", "taskName": "Task-1"}
{"asctime": "2024-02-18T19:07:45", "msecs": 935.0, "levelname": "INFO", "correlation_id": "-", "name": "uvicorn.error", "lineno": 65, "message": "Waiting for application shutdown.", "taskName": "Task-1"}
{"asctime": "2024-02-18T19:07:45", "msecs": 964.0, "levelname": "INFO", "correlation_id": "-", "name": "uvicorn.error", "lineno": 76, "message": "Application shutdown complete.", "taskName": "Task-1"}
{"asctime": "2024-02-18T19:07:45", "msecs": 966.0, "levelname": "INFO", "correlation_id": "-", "name": "uvicorn.error", "lineno": 87, "message": "Finished server process [22]", "taskName": "Task-1", "color_message": "Finished server process [\u001b[36m%d\u001b[0m]"}
{"asctime": "2024-02-18T19:07:47", "msecs": 35.0, "levelname": "INFO", "correlation_id": "-", "name": "uvicorn.error", "lineno": 60, "message": "Application startup complete.", "taskName": "Task-1"}
{"asctime": "2024-02-18T19:09:13", "msecs": 122.0, "levelname": "INFO", "correlation_id": "-", "name": "uvicorn.error", "lineno": 265, "message": "Shutting down", "taskName": "Task-1"}
{"asctime": "2024-02-18T19:09:13", "msecs": 225.0, "levelname": "INFO", "correlation_id": "-", "name": "uvicorn.error", "lineno": 65, "message": "Waiting for application shutdown.", "taskName": "Task-1"}
{"asctime": "2024-02-18T19:09:13", "msecs": 247.0, "levelname": "INFO", "correlation_id": "-", "name": "uvicorn.error", "lineno": 76, "message": "Application shutdown complete.", "taskName": "Task-1"}
{"asctime": "2024-02-18T19:09:13", "msecs": 249.0, "levelname": "INFO", "correlation_id": "-", "name": "uvicorn.error", "lineno": 87, "message": "Finished server process [28]", "taskName": "Task-1", "color_message": "Finished server process [\u001b[36m%d\u001b[0m]"}
{"asctime": "2024-02-18T19:09:25", "msecs": 109.0, "levelname": "INFO", "correlation_id": "-", "name": "uvicorn.error", "lineno": 60, "message": "Application startup complete.", "taskName": "Task-1"}
{"asctime": "2024-02-18T19:14:39", "msecs": 794.0, "levelname": "INFO", "correlation_id": "-", "name": "uvicorn.error", "lineno": 265, "message": "Shutting down", "taskName": "Task-1"}
{"asctime": "2024-02-18T19:14:39", "msecs": 903.0, "levelname": "INFO", "correlation_id": "-", "name": "uvicorn.error", "lineno": 65, "message": "Waiting for application shutdown.", "taskName": "Task-1"}
{"asctime": "2024-02-18T19:14:39", "msecs": 914.0, "levelname": "INFO", "correlation_id": "-", "name": "uvicorn.error", "lineno": 76, "message": "Application shutdown complete.", "taskName": "Task-1"}
{"asctime": "2024-02-18T19:14:39", "msecs": 923.0, "levelname": "INFO", "correlation_id": "-", "name": "uvicorn.error", "lineno": 87, "message": "Finished server process [9]", "taskName": "Task-1", "color_message": "Finished server process [\u001b[36m%d\u001b[0m]"}
{"asctime": "2024-02-18T19:14:41", "msecs": 8.0, "levelname": "INFO", "correlation_id": "-", "name": "uvicorn.error", "lineno": 60, "message": "Application startup complete.", "taskName": "Task-1"}
{"asctime": "2024-02-18T19:16:36", "msecs": 798.0, "levelname": "INFO", "correlation_id": "-", "name": "uvicorn.error", "lineno": 265, "message": "Shutting down", "taskName": "Task-1"}
{"asctime": "2024-02-18T19:16:36", "msecs": 909.0, "levelname": "INFO", "correlation_id": "-", "name": "uvicorn.error", "lineno": 65, "message": "Waiting for application shutdown.", "taskName": "Task-1"}
{"asctime": "2024-02-18T19:16:36", "msecs": 937.0, "levelname": "INFO", "correlation_id": "-", "name": "uvicorn.error", "lineno": 76, "message": "Application shutdown complete.", "taskName": "Task-1"}
{"asctime": "2024-02-18T19:16:36", "msecs": 938.0, "levelname": "INFO", "correlation_id": "-", "name": "uvicorn.error", "lineno": 87, "message": "Finished server process [16]", "taskName": "Task-1", "color_message": "Finished server process [\u001b[36m%d\u001b[0m]"}
{"asctime": "2024-02-18T19:16:38", "msecs": 10.0, "levelname": "INFO", "correlation_id": "-", "name": "uvicorn.error", "lineno": 60, "message": "Application startup complete.", "taskName": "Task-1"}
{"asctime": "2024-02-18T19:21:27", "msecs": 622.0, "levelname": "INFO", "correlation_id": "0bfe5d1b", "name": "uvicorn.access", "lineno": 489, "message": "192.168.65.1:32706 - \"GET /v1/artists HTTP/1.1\" 404", "taskName": "Task-12"}
{"asctime": "2024-02-18T19:21:27", "msecs": 873.0, "levelname": "INFO", "correlation_id": "e782daca", "name": "uvicorn.access", "lineno": 489, "message": "192.168.65.1:32706 - \"GET /favicon.ico HTTP/1.1\" 404", "taskName": "Task-13"}
{"asctime": "2024-02-18T19:48:07", "msecs": 576.0, "levelname": "INFO", "correlation_id": "-", "name": "uvicorn.error", "lineno": 265, "message": "Shutting down", "taskName": "Task-1"}
{"asctime": "2024-02-18T19:48:07", "msecs": 683.0, "levelname": "INFO", "correlation_id": "-", "name": "uvicorn.error", "lineno": 65, "message": "Waiting for application shutdown.", "taskName": "Task-1"}
{"asctime": "2024-02-18T19:48:07", "msecs": 689.0, "levelname": "INFO", "correlation_id": "-", "name": "uvicorn.error", "lineno": 76, "message": "Application shutdown complete.", "taskName": "Task-1"}
{"asctime": "2024-02-18T19:48:07", "msecs": 692.0, "levelname": "INFO", "correlation_id": "-", "name": "uvicorn.error", "lineno": 87, "message": "Finished server process [22]", "taskName": "Task-1", "color_message": "Finished server process [\u001b[36m%d\u001b[0m]"}
{"asctime": "2024-02-18T19:48:23", "msecs": 763.0, "levelname": "INFO", "correlation_id": "-", "name": "uvicorn.error", "lineno": 60, "message": "Application startup complete.", "taskName": "Task-1"}
{"asctime": "2024-02-18T19:48:37", "msecs": 836.0, "levelname": "INFO", "correlation_id": "af5ae693", "name": "uvicorn.access", "lineno": 489, "message": "192.168.65.1:32825 - \"GET /v1/auth/spotify/authorize HTTP/1.1\" 302", "taskName": "Task-12"}
{"asctime": "2024-02-18T19:48:38", "msecs": 754.0, "levelname": "INFO", "correlation_id": "f398933b", "name": "uvicorn.access", "lineno": 489, "message": "192.168.65.1:32825 - \"GET /v1/auth/spotify/code?code=AQD7FmY-JdrsSu7XEhCsxUVPYo3gm6Xtf2kMOgWopXl0lH2gMZ9a78rxj18Q8j2FWybgf7KAMF-9o-h4_O0sbvRT6BOdQlnbl58QED5neeCVGdj-Ly-GCuYUs68hHXm9maLalJS1iwALS59V7GVGmGRJOOzBCEcou9JB1XTHJzhuzuvmJERMcvXFAdvsuGvu5dEiLowibuMcYB6U1zbsfRRWKhiwbY3jvp8Y6MkwYXP8E7wg8RaK82JaPfSTQckMCN57ZLOlbS3SpQrtD7U7iP4pzUc35VGyldGbCTnlEGIx8TmzWs8MSpfjjRr80lHsUFzLZ9WjiH14RxMYpzR60qgesTC7jhE1TJ1wQlmoZ3noDcIMvmbxgeH0l31pW-1COKDjGbVlLk0vaXkp_BAV8jLdXmgLKntV58BvD2sh1hWHTYZ58k-dW8Qy0sZ4tG0XZ3Vo41oJB_DIFLTcYkqgzMmttP7ScFR8otjlosP-UpthI24S3Bha_Ctkow HTTP/1.1\" 500", "taskName": "Task-13"}
{"asctime": "2024-02-18T19:48:38", "msecs": 775.0, "levelname": "ERROR", "correlation_id": "f398933b", "name": "uvicorn.error", "lineno": 424, "message": "Exception in ASGI application\n", "exc_info": "Traceback (most recent call last):\n  File \"/usr/local/lib/python3.12/site-packages/uvicorn/protocols/http/httptools_impl.py\", line 419, in run_asgi\n    result = await app(  # type: ignore[func-returns-value]\n             ^^^^^^^^^^^^^^^^^^^^^^^^^^^^^^^^^^^^^^^^^^^^^^\n  File \"/usr/local/lib/python3.12/site-packages/uvicorn/middleware/proxy_headers.py\", line 84, in __call__\n    return await self.app(scope, receive, send)\n           ^^^^^^^^^^^^^^^^^^^^^^^^^^^^^^^^^^^^\n  File \"/usr/local/lib/python3.12/site-packages/fastapi/applications.py\", line 1054, in __call__\n    await super().__call__(scope, receive, send)\n  File \"/usr/local/lib/python3.12/site-packages/starlette/applications.py\", line 123, in __call__\n    await self.middleware_stack(scope, receive, send)\n  File \"/usr/local/lib/python3.12/site-packages/starlette/middleware/errors.py\", line 186, in __call__\n    raise exc\n  File \"/usr/local/lib/python3.12/site-packages/starlette/middleware/errors.py\", line 164, in __call__\n    await self.app(scope, receive, _send)\n  File \"/usr/local/lib/python3.12/site-packages/asgi_correlation_id/middleware.py\", line 90, in __call__\n    await self.app(scope, receive, handle_outgoing_request)\n  File \"/usr/local/lib/python3.12/site-packages/starlette/middleware/exceptions.py\", line 62, in __call__\n    await wrap_app_handling_exceptions(self.app, conn)(scope, receive, send)\n  File \"/usr/local/lib/python3.12/site-packages/starlette/_exception_handler.py\", line 64, in wrapped_app\n    raise exc\n  File \"/usr/local/lib/python3.12/site-packages/starlette/_exception_handler.py\", line 53, in wrapped_app\n    await app(scope, receive, sender)\n  File \"/usr/local/lib/python3.12/site-packages/starlette/routing.py\", line 758, in __call__\n    await self.middleware_stack(scope, receive, send)\n  File \"/usr/local/lib/python3.12/site-packages/starlette/routing.py\", line 778, in app\n    await route.handle(scope, receive, send)\n  File \"/usr/local/lib/python3.12/site-packages/starlette/routing.py\", line 299, in handle\n    await self.app(scope, receive, send)\n  File \"/usr/local/lib/python3.12/site-packages/starlette/routing.py\", line 79, in app\n    await wrap_app_handling_exceptions(app, request)(scope, receive, send)\n  File \"/usr/local/lib/python3.12/site-packages/starlette/_exception_handler.py\", line 64, in wrapped_app\n    raise exc\n  File \"/usr/local/lib/python3.12/site-packages/starlette/_exception_handler.py\", line 53, in wrapped_app\n    await app(scope, receive, sender)\n  File \"/usr/local/lib/python3.12/site-packages/starlette/routing.py\", line 74, in app\n    response = await func(request)\n               ^^^^^^^^^^^^^^^^^^^\n  File \"/usr/local/lib/python3.12/site-packages/fastapi/routing.py\", line 299, in app\n    raise e\n  File \"/usr/local/lib/python3.12/site-packages/fastapi/routing.py\", line 294, in app\n    raw_response = await run_endpoint_function(\n                   ^^^^^^^^^^^^^^^^^^^^^^^^^^^^\n  File \"/usr/local/lib/python3.12/site-packages/fastapi/routing.py\", line 191, in run_endpoint_function\n    return await dependant.call(**values)\n           ^^^^^^^^^^^^^^^^^^^^^^^^^^^^^^\n  File \"/usr/src/app/playola/routers/spotify_auth.py\", line 40, in spotifyAuthCode\n    curator = await get_or_create_curator(token_info=response)\n                    ^^^^^^^^^^^^^^^^^^^^^\nNameError: name 'get_or_create_curator' is not defined", "taskName": "Task-13"}
{"asctime": "2024-02-18T19:55:15", "msecs": 909.0, "levelname": "INFO", "correlation_id": "-", "name": "uvicorn.error", "lineno": 265, "message": "Shutting down", "taskName": "Task-1"}
{"asctime": "2024-02-18T19:55:16", "msecs": 15.0, "levelname": "INFO", "correlation_id": "-", "name": "uvicorn.error", "lineno": 65, "message": "Waiting for application shutdown.", "taskName": "Task-1"}
{"asctime": "2024-02-18T19:55:16", "msecs": 26.0, "levelname": "INFO", "correlation_id": "-", "name": "uvicorn.error", "lineno": 76, "message": "Application shutdown complete.", "taskName": "Task-1"}
{"asctime": "2024-02-18T19:55:16", "msecs": 31.0, "levelname": "INFO", "correlation_id": "-", "name": "uvicorn.error", "lineno": 87, "message": "Finished server process [9]", "taskName": "Task-1", "color_message": "Finished server process [\u001b[36m%d\u001b[0m]"}
{"asctime": "2024-02-18T19:55:17", "msecs": 155.0, "levelname": "INFO", "correlation_id": "-", "name": "uvicorn.error", "lineno": 60, "message": "Application startup complete.", "taskName": "Task-1"}
{"asctime": "2024-02-18T19:56:18", "msecs": 900.0, "levelname": "INFO", "correlation_id": "-", "name": "uvicorn.error", "lineno": 265, "message": "Shutting down", "taskName": "Task-1"}
{"asctime": "2024-02-18T19:56:19", "msecs": 12.0, "levelname": "INFO", "correlation_id": "-", "name": "uvicorn.error", "lineno": 65, "message": "Waiting for application shutdown.", "taskName": "Task-1"}
{"asctime": "2024-02-18T19:56:19", "msecs": 33.0, "levelname": "INFO", "correlation_id": "-", "name": "uvicorn.error", "lineno": 76, "message": "Application shutdown complete.", "taskName": "Task-1"}
{"asctime": "2024-02-18T19:56:19", "msecs": 34.0, "levelname": "INFO", "correlation_id": "-", "name": "uvicorn.error", "lineno": 87, "message": "Finished server process [16]", "taskName": "Task-1", "color_message": "Finished server process [\u001b[36m%d\u001b[0m]"}
{"asctime": "2024-02-18T19:56:20", "msecs": 153.0, "levelname": "INFO", "correlation_id": "-", "name": "uvicorn.error", "lineno": 60, "message": "Application startup complete.", "taskName": "Task-1"}
{"asctime": "2024-02-18T20:15:45", "msecs": 914.0, "levelname": "INFO", "correlation_id": "-", "name": "uvicorn.error", "lineno": 265, "message": "Shutting down", "taskName": "Task-1"}
{"asctime": "2024-02-18T20:15:46", "msecs": 30.0, "levelname": "INFO", "correlation_id": "-", "name": "uvicorn.error", "lineno": 65, "message": "Waiting for application shutdown.", "taskName": "Task-1"}
{"asctime": "2024-02-18T20:15:46", "msecs": 40.0, "levelname": "INFO", "correlation_id": "-", "name": "uvicorn.error", "lineno": 76, "message": "Application shutdown complete.", "taskName": "Task-1"}
{"asctime": "2024-02-18T20:15:46", "msecs": 45.0, "levelname": "INFO", "correlation_id": "-", "name": "uvicorn.error", "lineno": 87, "message": "Finished server process [22]", "taskName": "Task-1", "color_message": "Finished server process [\u001b[36m%d\u001b[0m]"}
{"asctime": "2024-02-18T20:15:47", "msecs": 464.0, "levelname": "INFO", "correlation_id": "-", "name": "uvicorn.error", "lineno": 60, "message": "Application startup complete.", "taskName": "Task-1"}
{"asctime": "2024-02-18T20:17:03", "msecs": 213.0, "levelname": "INFO", "correlation_id": "-", "name": "uvicorn.error", "lineno": 265, "message": "Shutting down", "taskName": "Task-1"}
{"asctime": "2024-02-18T20:17:03", "msecs": 315.0, "levelname": "INFO", "correlation_id": "-", "name": "uvicorn.error", "lineno": 65, "message": "Waiting for application shutdown.", "taskName": "Task-1"}
{"asctime": "2024-02-18T20:17:03", "msecs": 336.0, "levelname": "INFO", "correlation_id": "-", "name": "uvicorn.error", "lineno": 76, "message": "Application shutdown complete.", "taskName": "Task-1"}
{"asctime": "2024-02-18T20:17:03", "msecs": 337.0, "levelname": "INFO", "correlation_id": "-", "name": "uvicorn.error", "lineno": 87, "message": "Finished server process [30]", "taskName": "Task-1", "color_message": "Finished server process [\u001b[36m%d\u001b[0m]"}
